[    0.000000] Linux version 4.15.0-208-generic (buildd@lcy02-amd64-015) (gcc version 7.5.0 (Ubuntu 7.5.0-3ubuntu1~18.04)) #220-Ubuntu SMP Mon Mar 20 14:27:01 UTC 2023 (Ubuntu 4.15.0-208.220-generic 4.15.18)
[    0.000000] Command line: BOOT_IMAGE=/boot/vmlinuz-4.15.0-208-generic root=LABEL=cloudimg-rootfs ro console=tty1 console=ttyS0
[    0.000000] KERNEL supported cpus:
[    0.000000]   Intel GenuineIntel
[    0.000000]   AMD AuthenticAMD
[    0.000000]   Centaur CentaurHauls
[    0.000000] x86/fpu: Supporting XSAVE feature 0x001: 'x87 floating point registers'
[    0.000000] x86/fpu: Supporting XSAVE feature 0x002: 'SSE registers'
[    0.000000] x86/fpu: Supporting XSAVE feature 0x004: 'AVX registers'
[    0.000000] x86/fpu: xstate_offset[2]:  576, xstate_sizes[2]:  256
[    0.000000] x86/fpu: Enabled xstate features 0x7, context size is 832 bytes, using 'standard' format.
[    0.000000] e820: BIOS-provided physical RAM map:
[    0.000000] BIOS-e820: [mem 0x0000000000000000-0x000000000009fbff] usable
[    0.000000] BIOS-e820: [mem 0x000000000009fc00-0x000000000009ffff] reserved
[    0.000000] BIOS-e820: [mem 0x00000000000f0000-0x00000000000fffff] reserved
[    0.000000] BIOS-e820: [mem 0x0000000000100000-0x000000007ffeffff] usable
[    0.000000] BIOS-e820: [mem 0x000000007fff0000-0x000000007fffffff] ACPI data
[    0.000000] BIOS-e820: [mem 0x00000000fec00000-0x00000000fec00fff] reserved
[    0.000000] BIOS-e820: [mem 0x00000000fee00000-0x00000000fee00fff] reserved
[    0.000000] BIOS-e820: [mem 0x00000000fffc0000-0x00000000ffffffff] reserved
[    0.000000] NX (Execute Disable) protection: active
[    0.000000] SMBIOS 2.5 present.
[    0.000000] DMI: innotek GmbH VirtualBox/VirtualBox, BIOS VirtualBox 12/01/2006
[    0.000000] Hypervisor detected: KVM
[    0.000000] e820: last_pfn = 0x7fff0 max_arch_pfn = 0x400000000
[    0.000000] MTRR: Disabled
[    0.000000] x86/PAT: MTRRs disabled, skipping PAT initialization too.
[    0.000000] CPU MTRRs all blank - virtualized system.
[    0.000000] x86/PAT: Configuration [0-7]: WB  WT  UC- UC  WB  WT  UC- UC  
[    0.000000] found SMP MP-table at [mem 0x0009fff0-0x0009ffff]
[    0.000000] Scanning 1 areas for low memory corruption
[    0.000000] RAMDISK: [mem 0x359c9000-0x36cdbfff]
[    0.000000] ACPI: Early table checksum verification disabled
[    0.000000] ACPI: RSDP 0x00000000000E0000 000024 (v02 VBOX  )
[    0.000000] ACPI: XSDT 0x000000007FFF0030 00003C (v01 VBOX   VBOXXSDT 00000001 ASL  00000061)
[    0.000000] ACPI: FACP 0x000000007FFF00F0 0000F4 (v04 VBOX   VBOXFACP 00000001 ASL  00000061)
[    0.000000] ACPI: DSDT 0x000000007FFF0610 002353 (v02 VBOX   VBOXBIOS 00000002 INTL 20200528)
[    0.000000] ACPI: FACS 0x000000007FFF0200 000040
[    0.000000] ACPI: FACS 0x000000007FFF0200 000040
[    0.000000] ACPI: APIC 0x000000007FFF0240 00005C (v02 VBOX   VBOXAPIC 00000001 ASL  00000061)
[    0.000000] ACPI: SSDT 0x000000007FFF02A0 00036C (v01 VBOX   VBOXCPUT 00000002 INTL 20200528)
[    0.000000] ACPI: Reserving FACP table memory at [mem 0x7fff00f0-0x7fff01e3]
[    0.000000] ACPI: Reserving DSDT table memory at [mem 0x7fff0610-0x7fff2962]
[    0.000000] ACPI: Reserving FACS table memory at [mem 0x7fff0200-0x7fff023f]
[    0.000000] ACPI: Reserving FACS table memory at [mem 0x7fff0200-0x7fff023f]
[    0.000000] ACPI: Reserving APIC table memory at [mem 0x7fff0240-0x7fff029b]
[    0.000000] ACPI: Reserving SSDT table memory at [mem 0x7fff02a0-0x7fff060b]
[    0.000000] No NUMA configuration found
[    0.000000] Faking a node at [mem 0x0000000000000000-0x000000007ffeffff]
[    0.000000] NODE_DATA(0) allocated [mem 0x7ffc5000-0x7ffeffff]
[    0.000000] kvm-clock: cpu 0, msr 0:7ff44001, primary cpu clock
[    0.000000] kvm-clock: Using msrs 4b564d01 and 4b564d00
[    0.000000] kvm-clock: using sched offset of 3466589526 cycles
[    0.000000] clocksource: kvm-clock: mask: 0xffffffffffffffff max_cycles: 0x1cd42e4dffb, max_idle_ns: 881590591483 ns
[    0.000000] Zone ranges:
[    0.000000]   DMA      [mem 0x0000000000001000-0x0000000000ffffff]
[    0.000000]   DMA32    [mem 0x0000000001000000-0x000000007ffeffff]
[    0.000000]   Normal   empty
[    0.000000]   Device   empty
[    0.000000] Movable zone start for each node
[    0.000000] Early memory node ranges
[    0.000000]   node   0: [mem 0x0000000000001000-0x000000000009efff]
[    0.000000]   node   0: [mem 0x0000000000100000-0x000000007ffeffff]
[    0.000000] Reserved but unavailable: 104 pages
[    0.000000] Initmem setup node 0 [mem 0x0000000000001000-0x000000007ffeffff]
[    0.000000] ACPI: PM-Timer IO Port: 0x4008
[    0.000000] IOAPIC[0]: apic_id 2, version 32, address 0xfec00000, GSI 0-23
[    0.000000] ACPI: INT_SRC_OVR (bus 0 bus_irq 0 global_irq 2 dfl dfl)
[    0.000000] ACPI: INT_SRC_OVR (bus 0 bus_irq 9 global_irq 9 low level)
[    0.000000] Using ACPI (MADT) for SMP configuration information
[    0.000000] smpboot: Allowing 2 CPUs, 0 hotplug CPUs
[    0.000000] PM: Registered nosave memory: [mem 0x00000000-0x00000fff]
[    0.000000] PM: Registered nosave memory: [mem 0x0009f000-0x0009ffff]
[    0.000000] PM: Registered nosave memory: [mem 0x000a0000-0x000effff]
[    0.000000] PM: Registered nosave memory: [mem 0x000f0000-0x000fffff]
[    0.000000] e820: [mem 0x80000000-0xfebfffff] available for PCI devices
[    0.000000] Booting paravirtualized kernel on KVM
[    0.000000] clocksource: refined-jiffies: mask: 0xffffffff max_cycles: 0xffffffff, max_idle_ns: 7645519600211568 ns
[    0.000000] setup_percpu: NR_CPUS:8192 nr_cpumask_bits:2 nr_cpu_ids:2 nr_node_ids:1
[    0.000000] percpu: Embedded 50 pages/cpu s167936 r8192 d28672 u1048576
[    0.000000] PV qspinlock hash table entries: 256 (order: 0, 4096 bytes)
[    0.000000] Built 1 zonelists, mobility grouping on.  Total pages: 515961
[    0.000000] Policy zone: DMA32
[    0.000000] Kernel command line: BOOT_IMAGE=/boot/vmlinuz-4.15.0-208-generic root=LABEL=cloudimg-rootfs ro console=tty1 console=ttyS0
[    0.000000] Memory: 2014832K/2096696K available (12300K kernel code, 2477K rwdata, 4324K rodata, 2480K init, 2720K bss, 81864K reserved, 0K cma-reserved)
[    0.000000] SLUB: HWalign=64, Order=0-3, MinObjects=0, CPUs=2, Nodes=1
[    0.000000] Kernel/User page tables isolation: enabled
[    0.000000] ftrace: allocating 39494 entries in 155 pages
[    0.004000] Hierarchical RCU implementation.
[    0.004000] 	RCU restricting CPUs from NR_CPUS=8192 to nr_cpu_ids=2.
[    0.004000] 	Tasks RCU enabled.
[    0.004000] RCU: Adjusting geometry for rcu_fanout_leaf=16, nr_cpu_ids=2
[    0.004000] NR_IRQS: 524544, nr_irqs: 440, preallocated irqs: 16
[    0.004000] random: crng init done
[    0.004000] Console: colour VGA+ 80x25
[    0.004000] console [tty1] enabled
[    0.004000] console [ttyS0] enabled
[    0.004000] ACPI: Core revision 20170831
[    0.004000] ACPI: 2 ACPI AML tables successfully acquired and loaded
[    0.004000] APIC: Switch to symmetric I/O mode setup
[    0.004634] x2apic enabled
[    0.007862] Switched APIC routing to physical x2apic.
[    0.012000] ..TIMER: vector=0x30 apic1=0 pin1=2 apic2=-1 pin2=-1
[    0.012004] tsc: Detected 2302.516 MHz processor
[    0.016011] Calibrating delay loop (skipped) preset value.. 4605.03 BogoMIPS (lpj=9210064)
[    0.020003] pid_max: default: 32768 minimum: 301
[    0.024047] Security Framework initialized
[    0.026494] Yama: becoming mindful.
[    0.028044] AppArmor: AppArmor initialized
[    0.033859] Dentry cache hash table entries: 262144 (order: 9, 2097152 bytes)
[    0.040640] Inode-cache hash table entries: 131072 (order: 8, 1048576 bytes)
[    0.044061] Mount-cache hash table entries: 4096 (order: 3, 32768 bytes)
[    0.048052] Mountpoint-cache hash table entries: 4096 (order: 3, 32768 bytes)
[    0.053230] Last level iTLB entries: 4KB 64, 2MB 8, 4MB 8
[    0.056004] Last level dTLB entries: 4KB 64, 2MB 0, 4MB 0, 1GB 4
[    0.060017] Spectre V1 : Mitigation: usercopy/swapgs barriers and __user pointer sanitization
[    0.064005] Spectre V2 : Mitigation: Retpolines
[    0.068003] Spectre V2 : Spectre v2 / SpectreRSB mitigation: Filling RSB on context switch
[    0.072004] Spectre V2 : Spectre v2 / SpectreRSB : Filling RSB on VMEXIT
[    0.076004] RETBleed: WARNING: Spectre v2 mitigation leaves CPU vulnerable to RETBleed attacks, data leaks possible!
[    0.080003] RETBleed: Vulnerable
[    0.084004] Speculative Store Bypass: Vulnerable
[    0.086750] MDS: Mitigation: Clear CPU buffers
[    0.088002] MMIO Stale Data: Mitigation: Clear CPU buffers
[    0.092015] SRBDS: Unknown: Dependent on hypervisor status
[    0.096178] Freeing SMP alternatives memory: 36K
[    0.211243] APIC calibration not consistent with PM-Timer: 101ms instead of 100ms
[    0.212000] APIC delta adjusted to PM-Timer: 6272221 (6347270)
[    0.212220] smpboot: CPU0: Intel(R) Core(TM) i5-8259U CPU @ 2.30GHz (family: 0x6, model: 0x8e, stepping: 0xa)
[    0.216206] Performance Events: unsupported p6 CPU model 142 no PMU driver, software events only.
[    0.220085] Hierarchical SRCU implementation.
[    0.224618] NMI watchdog: Perf event create on CPU 0 failed with -2
[    0.228004] NMI watchdog: Perf NMI watchdog permanently disabled
[    0.232157] smp: Bringing up secondary CPUs ...
[    0.236392] x86: Booting SMP configuration:
[    0.238830] .... node  #0, CPUs:      #1
[    0.004000] kvm-clock: cpu 1, msr 0:7ff44041, secondary cpu clock
[    0.244070] smp: Brought up 1 node, 2 CPUs
[    0.246895] smpboot: Max logical packages: 1
[    0.248007] smpboot: Total of 2 processors activated (9210.06 BogoMIPS)
[    0.252251] devtmpfs: initialized
[    0.254348] x86/mm: Memory block size: 128MB
[    0.256313] evm: security.selinux
[    0.258266] evm: security.SMACK64
[    0.260003] evm: security.SMACK64EXEC
[    0.262134] evm: security.SMACK64TRANSMUTE
[    0.264002] evm: security.SMACK64MMAP
[    0.266274] evm: security.apparmor
[    0.268002] evm: security.ima
[    0.269841] evm: security.capability
[    0.272270] clocksource: jiffies: mask: 0xffffffff max_cycles: 0xffffffff, max_idle_ns: 7645041785100000 ns
[    0.276015] futex hash table entries: 512 (order: 3, 32768 bytes)
[    0.280096] pinctrl core: initialized pinctrl subsystem
[    0.284458] RTC time: 14:29:15, date: 04/12/23
[    0.288366] NET: Registered protocol family 16
[    0.291006] audit: initializing netlink subsys (disabled)
[    0.292091] audit: type=2000 audit(1681309759.441:1): state=initialized audit_enabled=0 res=1
[    0.300007] cpuidle: using governor ladder
[    0.302329] cpuidle: using governor menu
[    0.304037] ACPI: bus type PCI registered
[    0.306368] acpiphp: ACPI Hot Plug PCI Controller Driver version: 0.5
[    0.308320] PCI: Using configuration type 1 for base access
[    0.316143] HugeTLB registered 2.00 MiB page size, pre-allocated 0 pages
[    0.320170] ACPI: Added _OSI(Module Device)
[    0.322574] ACPI: Added _OSI(Processor Device)
[    0.324010] ACPI: Added _OSI(3.0 _SCP Extensions)
[    0.328003] ACPI: Added _OSI(Processor Aggregator Device)
[    0.331058] ACPI: Added _OSI(Linux-Dell-Video)
[    0.332003] ACPI: Added _OSI(Linux-Lenovo-NV-HDMI-Audio)
[    0.336004] ACPI: Added _OSI(Linux-HPI-Hybrid-Graphics)
[    0.340453] ACPI: Executed 1 blocks of module-level executable AML code
[    0.347626] ACPI: Interpreter enabled
[    0.348015] ACPI: (supports S0 S5)
[    0.350063] ACPI: Using IOAPIC for interrupt routing
[    0.352469] PCI: Using host bridge windows from ACPI; if necessary, use "pci=nocrs" and report a bug
[    0.356237] ACPI: Enabled 2 GPEs in block 00 to 07
[    0.368506] ACPI: PCI Root Bridge [PCI0] (domain 0000 [bus 00-ff])
[    0.372012] acpi PNP0A03:00: _OSC: OS supports [ASPM ClockPM Segments MSI]
[    0.376683] acpi PNP0A03:00: _OSC: not requesting OS control; OS requires [ExtendedConfig ASPM ClockPM MSI]
[    0.380019] acpi PNP0A03:00: fail to add MMCONFIG information, can't access extended PCI configuration space under this bridge.
[    0.384640] PCI host bridge to bus 0000:00
[    0.387075] pci_bus 0000:00: root bus resource [io  0x0000-0x0cf7 window]
[    0.388004] pci_bus 0000:00: root bus resource [io  0x0d00-0xffff window]
[    0.392003] pci_bus 0000:00: root bus resource [mem 0x000a0000-0x000bffff window]
[    0.396003] pci_bus 0000:00: root bus resource [mem 0x80000000-0xfdffffff window]
[    0.400003] pci_bus 0000:00: root bus resource [bus 00-ff]
[    0.410382] pci 0000:00:01.1: legacy IDE quirk: reg 0x10: [io  0x01f0-0x01f7]
[    0.412003] pci 0000:00:01.1: legacy IDE quirk: reg 0x14: [io  0x03f6]
[    0.416005] pci 0000:00:01.1: legacy IDE quirk: reg 0x18: [io  0x0170-0x0177]
[    0.420008] pci 0000:00:01.1: legacy IDE quirk: reg 0x1c: [io  0x0376]
[    0.469061] pci 0000:00:07.0: quirk: [io  0x4000-0x403f] claimed by PIIX4 ACPI
[    0.472037] pci 0000:00:07.0: quirk: [io  0x4100-0x410f] claimed by PIIX4 SMB
[    0.492947] ACPI: PCI Interrupt Link [LNKA] (IRQs 5 9 10 *11)
[    0.496494] ACPI: PCI Interrupt Link [LNKB] (IRQs 5 9 *10 11)
[    0.500021] ACPI: PCI Interrupt Link [LNKC] (IRQs 5 *9 10 11)
[    0.503638] ACPI: PCI Interrupt Link [LNKD] (IRQs 5 9 10 *11)
[    0.504501] SCSI subsystem initialized
[    0.508113] pci 0000:00:02.0: vgaarb: setting as boot VGA device
[    0.512000] pci 0000:00:02.0: vgaarb: VGA device added: decodes=io+mem,owns=io+mem,locks=none
[    0.512009] pci 0000:00:02.0: vgaarb: bridge control possible
[    0.516004] vgaarb: loaded
[    0.520059] ACPI: bus type USB registered
[    0.522772] usbcore: registered new interface driver usbfs
[    0.524034] usbcore: registered new interface driver hub
[    0.528018] usbcore: registered new device driver usb
[    0.532106] EDAC MC: Ver: 3.0.0
[    0.536591] PCI: Using ACPI for IRQ routing
[    0.539081] NetLabel: Initializing
[    0.540003] NetLabel:  domain hash size = 128
[    0.544003] NetLabel:  protocols = UNLABELED CIPSOv4 CALIPSO
[    0.548022] NetLabel:  unlabeled traffic allowed by default
[    0.552148] clocksource: Switched to clocksource kvm-clock
[    0.578685] VFS: Disk quotas dquot_6.6.0
[    0.581408] VFS: Dquot-cache hash table entries: 512 (order 0, 4096 bytes)
[    0.586556] AppArmor: AppArmor Filesystem Enabled
[    0.589269] pnp: PnP ACPI init
[    0.593432] pnp: PnP ACPI: found 3 devices
[    0.611683] clocksource: acpi_pm: mask: 0xffffff max_cycles: 0xffffff, max_idle_ns: 2085701024 ns
[    0.616762] NET: Registered protocol family 2
[    0.619698] IP idents hash table entries: 32768 (order: 6, 262144 bytes)
[    0.623917] TCP established hash table entries: 16384 (order: 5, 131072 bytes)
[    0.629013] TCP bind hash table entries: 16384 (order: 6, 262144 bytes)
[    0.632982] TCP: Hash tables configured (established 16384 bind 16384)
[    0.636822] UDP hash table entries: 1024 (order: 3, 32768 bytes)
[    0.640200] UDP-Lite hash table entries: 1024 (order: 3, 32768 bytes)
[    0.643892] NET: Registered protocol family 1
[    0.646928] pci 0000:00:00.0: Limiting direct PCI/PCI transfers
[    0.650354] pci 0000:00:01.0: Activating ISA DMA hang workarounds
[    0.654007] pci 0000:00:02.0: Video device with shadowed ROM at [mem 0x000c0000-0x000dffff]
[    0.659179] Unpacking initramfs...
[    0.997500] Freeing initrd memory: 19532K
[    1.000509] clocksource: tsc: mask: 0xffffffffffffffff max_cycles: 0x21307e06f8a, max_idle_ns: 440795301328 ns
[    1.006504] platform rtc_cmos: registered platform RTC device (no PNP device found)
[    1.010842] Scanning for low memory corruption every 60 seconds
[    1.015439] Initialise system trusted keyrings
[    1.018019] Key type blacklist registered
[    1.020669] workingset: timestamp_bits=36 max_order=19 bucket_order=0
[    1.026101] zbud: loaded
[    1.028567] squashfs: version 4.0 (2009/01/31) Phillip Lougher
[    1.032839] fuse init (API version 7.26)
[    1.044820] Key type asymmetric registered
[    1.047205] Asymmetric key parser 'x509' registered
[    1.050952] Block layer SCSI generic (bsg) driver version 0.4 loaded (major 246)
[    1.057595] io scheduler noop registered
[    1.061360] io scheduler deadline registered
[    1.065331] io scheduler cfq registered (default)
[    1.070101] ACPI: AC Adapter [AC] (on-line)
[    1.074103] input: Power Button as /devices/LNXSYSTM:00/LNXPWRBN:00/input/input0
[    1.080197] ACPI: Power Button [PWRF]
[    1.082850] input: Sleep Button as /devices/LNXSYSTM:00/LNXSLPBN:00/input/input1
[    1.088311] ACPI: Sleep Button [SLPF]
[    1.092299] Serial: 8250/16550 driver, 32 ports, IRQ sharing enabled
[    1.092702] ACPI: Battery Slot [BAT0] (battery present)
[    1.124802] 00:02: ttyS0 at I/O 0x3f8 (irq = 4, base_baud = 115200) is a 16550A
[    1.127849] Linux agpgart interface v0.103
[    1.136903] loop: module loaded
[    1.141301] scsi host0: ata_piix
[    1.143897] scsi host1: ata_piix
[    1.146345] ata1: PATA max UDMA/33 cmd 0x1f0 ctl 0x3f6 bmdma 0xd000 irq 14
[    1.150252] ata2: PATA max UDMA/33 cmd 0x170 ctl 0x376 bmdma 0xd008 irq 15
[    1.155186] tun: Universal TUN/TAP device driver, 1.6
[    1.158710] PPP generic driver version 2.4.2
[    1.161746] ehci_hcd: USB 2.0 'Enhanced' Host Controller (EHCI) Driver
[    1.165651] ehci-pci: EHCI PCI platform driver
[    1.165651] ehci-platform: EHCI generic platform driver
[    1.173900] ohci_hcd: USB 1.1 'Open' Host Controller (OHCI) Driver
[    1.177694] ohci-pci: OHCI PCI platform driver
[    1.180670] ohci-platform: OHCI generic platform driver
[    1.184159] uhci_hcd: USB Universal Host Controller Interface driver
[    1.188073] i8042: PNP: PS/2 Controller [PNP0303:PS2K,PNP0f03:PS2M] at 0x60,0x64 irq 1,12
[    1.195022] serio: i8042 KBD port at 0x60,0x64 irq 1
[    1.197961] serio: i8042 AUX port at 0x60,0x64 irq 12
[    1.197961] mousedev: PS/2 mouse device common for all mice
[    1.205572] input: AT Translated Set 2 keyboard as /devices/platform/i8042/serio0/input/input2
[    1.212141] rtc_cmos rtc_cmos: rtc core: registered rtc_cmos as rtc0
[    1.217178] rtc_cmos rtc_cmos: alarms up to one day, 114 bytes nvram
[    1.220928] i2c /dev entries driver
[    1.224162] device-mapper: uevent: version 1.0.3
[    1.227181] device-mapper: ioctl: 4.37.0-ioctl (2017-09-20) initialised: dm-devel@redhat.com
[    1.232340] ledtrig-cpu: registered to indicate activity on CPUs
[    1.237297] NET: Registered protocol family 10
[    1.245274] Segment Routing with IPv6
[    1.247781] NET: Registered protocol family 17
[    1.250937] Key type dns_resolver registered
[    1.254221] mce: Using 0 MCE banks
[    1.256518] RAS: Correctable Errors collector initialized.
[    1.258135] sched_clock: Marking stable (1254135630, 0)->(1753655399, -499519769)
[    1.265291] registered taskstats version 1
[    1.268754] Loading compiled-in X.509 certificates
[    1.275579] Loaded X.509 cert 'Build time autogenerated kernel key: 05d3fa630a0ed8a65520e390196b077fd5e65720'
[    1.281655] Loaded X.509 cert 'Canonical Ltd. Live Patch Signing: 14df34d1a87cf37625abec039ef2bf521249b969'
[    1.287989] Loaded X.509 cert 'Canonical Ltd. Kernel Module Signing: 88f752e560a1e0737e31163a466ad7b70a850c19'
[    1.293909] blacklist: Loading compiled-in revocation X.509 certificates
[    1.298032] Loaded X.509 cert 'Canonical Ltd. Secure Boot Signing: 61482aa2830d0ab2ad5af10b7250da9033ddcef0'
[    1.304379] Loaded X.509 cert 'Canonical Ltd. Secure Boot Signing (2017): 242ade75ac4a15e50d50c84b0d45ff3eae707a03'
[    1.310271] Loaded X.509 cert 'Canonical Ltd. Secure Boot Signing (ESM 2018): 365188c1d374d6b07c3c8f240f8ef722433d6a8b'
[    1.316666] Loaded X.509 cert 'Canonical Ltd. Secure Boot Signing (2019): c0746fd6c5da3ae827864651ad66ae47fe24b3e8'
[    1.324395] Loaded X.509 cert 'Canonical Ltd. Secure Boot Signing (2021 v1): a8d54bbb3825cfb94fa13c9f8a594a195c107b8d'
[    1.333010] Loaded X.509 cert 'Canonical Ltd. Secure Boot Signing (2021 v2): 4cf046892d6fd3c9a5b03f98d845f90851dc6a8c'
[    1.340302] Loaded X.509 cert 'Canonical Ltd. Secure Boot Signing (2021 v3): 100437bb6de6e469b581e61cd66bce3ef4ed53af'
[    1.348305] Loaded X.509 cert 'Canonical Ltd. Secure Boot Signing (Ubuntu Core 2019): c1d57b8f6b743f23ee41f4f7ee292f06eecadfb9'
[    1.356836] zswap: loaded using pool lzo/zbud
[    1.382945] Key type big_key registered
[    1.385461] Key type trusted registered
[    1.390229] Key type encrypted registered
[    1.392828] AppArmor: AppArmor sha1 policy hashing enabled
[    1.396226] ima: No TPM chip found, activating TPM-bypass! (rc=-19)
[    1.399984] ima: Allocated hash algorithm: sha1
[    1.403015] evm: HMAC attrs: 0x1
[    1.406872]   Magic number: 3:300:485
[    1.409689] rtc_cmos rtc_cmos: setting system clock to 2023-04-12 14:29:16 UTC (1681309756)
[    1.415237] BIOS EDD facility v0.16 2004-Jun-25, 0 devices found
[    1.419298] EDD information not available.
[    1.425488] Freeing unused kernel image memory: 2480K
[    1.448214] Write protecting the kernel read-only data: 20480k
[    1.454532] Freeing unused kernel image memory: 2008K
[    1.458738] Freeing unused kernel image memory: 1820K
[    1.468276] x86/mm: Checked W+X mappings: passed, no W+X pages found.
[    1.472280] x86/mm: Checking user space page tables
[    1.481246] x86/mm: Checked W+X mappings: passed, no W+X pages found.
Loading, please wait...
starting version 237
[    1.560989] e1000: Intel(R) PRO/1000 Network Driver - version 7.3.21-k8-NAPI
[    1.565554] e1000: Copyright (c) 1999-2006 Intel Corporation.
[    1.579611] Fusion MPT base driver 3.04.20
[    1.582585] Copyright (c) 1999-2008 LSI Corporation
[    1.614787] AVX2 version of gcm_enc/dec engaged.
[    1.617995] AES CTR mode by8 optimization enabled
[    1.627202] Fusion MPT SPI Host driver 3.04.20
[    1.850098] input: ImExPS/2 Generic Explorer Mouse as /devices/platform/i8042/serio1/input/input4
[    2.125126] e1000 0000:00:03.0 eth0: (PCI:33MHz:32-bit) 02:6d:e6:35:46:3a
[    2.129165] e1000 0000:00:03.0 eth0: Intel(R) PRO/1000 Network Connection
[    2.623290] e1000 0000:00:08.0 eth1: (PCI:33MHz:32-bit) 08:00:27:b3:9d:6d
[    2.631368] e1000 0000:00:08.0 eth1: Intel(R) PRO/1000 Network Connection
[    2.640728] e1000 0000:00:08.0 enp0s8: renamed from eth1
[    2.646176] mptbase: ioc0: Initiating bringup
[    2.657200] e1000 0000:00:03.0 enp0s3: renamed from eth0
[    2.757252] ioc0: LSI53C1030 A0: Capabilities={Initiator}
[    3.009023] scsi host2: ioc0: LSI53C1030 A0, FwRev=00000000h, Ports=1, MaxQ=256, IRQ=20
[    3.181322] scsi 2:0:0:0: Direct-Access     VBOX     HARDDISK         1.0  PQ: 0 ANSI: 5
[    3.217028] scsi target2:0:0: Beginning Domain Validation
[    3.224497] scsi target2:0:0: Domain Validation skipping write tests
[    3.228629] scsi target2:0:0: Ending Domain Validation
[    3.232849] scsi target2:0:0: asynchronous
[    3.236106] scsi 2:0:1:0: Direct-Access     VBOX     HARDDISK         1.0  PQ: 0 ANSI: 5
[    3.272723] scsi target2:0:1: Beginning Domain Validation
[    3.281220] scsi target2:0:1: Domain Validation skipping write tests
[    3.285312] scsi target2:0:1: Ending Domain Validation
[    3.288935] scsi target2:0:1: asynchronous
[    3.297784] sd 2:0:0:0: [sda] 83886080 512-byte logical blocks: (42.9 GB/40.0 GiB)
[    3.302626] sd 2:0:0:0: [sda] Write Protect is off
[    3.306335] sd 2:0:0:0: Attached scsi generic sg0 type 0
[    3.310271] sd 2:0:0:0: [sda] Incomplete mode parameter data
[    3.314808] sd 2:0:0:0: [sda] Assuming drive cache: write through
[    3.319213] sd 2:0:1:0: [sdb] 20480 512-byte logical blocks: (10.5 MB/10.0 MiB)
[    3.324835] sd 2:0:1:0: [sdb] Write Protect is off
[    3.334496] sd 2:0:1:0: Attached scsi generic sg1 type 0
[    3.338035] sd 2:0:1:0: [sdb] Incomplete mode parameter data
[    3.341544] sd 2:0:1:0: [sdb] Assuming drive cache: write through
[    3.348411]  sda: sda1
[    3.350800] sd 2:0:1:0: [sdb] Attached SCSI disk
[    3.356395] sd 2:0:0:0: [sda] Attached SCSI disk
Begin: Loading essential drivers ... [    5.543707] raid6: sse2x1   gen() 19576 MB/s
[    5.612714] raid6: sse2x1   xor() 12522 MB/s
[    5.706533] raid6: sse2x2   gen() 21212 MB/s
[    5.786097] raid6: sse2x2   xor() 15877 MB/s
[    5.852224] raid6: sse2x4   gen() 14212 MB/s
[    5.908301] raid6: sse2x4   xor()  9986 MB/s
[    5.972239] raid6: avx2x1   gen() 17296 MB/s
[    6.031511] raid6: avx2x1   xor()  9109 MB/s
[    6.114750] raid6: avx2x2   gen() 10679 MB/s
[    6.175075] raid6: avx2x2   xor() 12088 MB/s
[    6.225221] raid6: avx2x4   gen() 30012 MB/s
[    6.285656] raid6: avx2x4   xor() 20486 MB/s
[    6.288852] raid6: using algorithm avx2x4 gen() 30012 MB/s
[    6.292921] raid6: .... xor() 20486 MB/s, rmw enabled
[    6.296153] raid6: using avx2x2 recovery algorithm
[    6.300960] xor: automatically using best checksumming function   avx       
[    6.307486] async_tx: api initialized (async)
done.
Begin: Running /scripts/init-premount ... done.
Begin: Mounting root file system ... Begin: Running /scripts/local-top ... done.
Begin: Running /scripts/local-premount ... [    6.365305] Btrfs loaded, crc32c=crc32c-intel
Scanning for Btrfs filesystems
done.
Warning: fsck not present, so skipping root file system
[    6.403098] EXT4-fs (sda1): mounted filesystem with ordered data mode. Opts: (null)
done.
Begin: Running /scripts/local-bottom ... done.
Begin: Running /scripts/init-bottom ... done.
[    6.600825] ip_tables: (C) 2000-2006 Netfilter Core Team
[    6.615218] systemd[1]: systemd 237 running in system mode. (+PAM +AUDIT +SELINUX +IMA +APPARMOR +SMACK +SYSVINIT +UTMP +LIBCRYPTSETUP +GCRYPT +GNUTLS +ACL +XZ +LZ4 +SECCOMP +BLKID +ELFUTILS +KMOD -IDN2 +IDN -PCRE2 default-hierarchy=hybrid)
[    6.627214] systemd[1]: Detected virtualization oracle.
[    6.631509] systemd[1]: Detected architecture x86-64.

Welcome to [1mUbuntu 18.04.6 LTS[0m!

[    6.650008] systemd[1]: Set hostname to <ubuntu>.
[    6.656522] systemd[1]: Initializing machine ID from random generator.
[    6.660400] systemd[1]: Installed transient /etc/machine-id file.
[    6.931721] systemd[1]: Reached target System Time Synchronized.
[[0;32m  OK  [0m] Reached target System Time Synchronized.
[    6.938222] systemd[1]: Reached target User and Group Name Lookups.
[[0;32m  OK  [0m] Reached target User and Group Name Lookups.
[    6.945586] systemd[1]: Set up automount Arbitrary Executable File Formats File System Automount Point.
[[0;32m  OK  [0m] Set up automount Arbitrary Executab…rmats File System Automount Point.
[    6.960004] systemd[1]: Created slice User and Session Slice.
[[0;32m  OK  [0m] Created slice User and Session Slice.
[[0;32m  OK  [0m] Reached target Swap.
[[0;32m  OK  [0m] Reached target Mounting snaps.
[[0;32m  OK  [0m] Reached target Mounted snaps.
[[0;32m  OK  [0m] Started Forward Password Requests to Wall Directory Watch.
[[0;32m  OK  [0m] Created slice System Slice.
[[0;32m  OK  [0m] Listening on Journal Audit Socket.
[[0;32m  OK  [0m] Listening on /dev/initctl Compatibility Named Pipe.
[[0;32m  OK  [0m] Listening on Journal Socket (/dev/log).
[[0;32m  OK  [0m] Listening on Network Service Netlink Socket.
[[0;32m  OK  [0m] Reached target Slices.
[[0;32m  OK  [0m] Listening on fsck to fsckd communication Socket.
[[0;32m  OK  [0m] Listening on LVM2 poll daemon socket.
[[0;32m  OK  [0m] Listening on udev Control Socket.
[[0;32m  OK  [0m] Listening on udev Kernel Socket.
[[0;32m  OK  [0m] Listening on Journal Socket.
         Mounting POSIX Message Queue File System...
         Mounting Huge Pages File System...
         Starting File System Check on Root Device...
         Starting Uncomplicated firewall...
         Starting Set the console keyboard layout...
[[0;32m  OK  [0m] Listening on Device-mapper event daemon FIFOs.
[[0;32m  OK  [0m] Listening on LVM2 metadata daemon socket.
         Starting Monitoring of LVM2 mirrors…ng dmeventd or progress polling...
         Mounting Kernel Debug File System...
[[0;32m  OK  [0m] Listening on Syslog Socket.
         Starting Journal Service...
         Starting Load Kernel Modules...
         Starting Create list of required st…ce nodes for the current kernel...
[[0;32m  OK  [0m] Created slice system-serial\x2dgetty.slice.
         Starting udev Coldplug all Devices...
[[0;32m  OK  [0m] Mounted POSIX Message Queue File System.
[[0;32m  OK  [0m] Mounted Huge Pages File System.
[[0;32m  OK  [0m] Started Uncomplicated firewall.
[[0;32m  OK  [0m] Started File System Check on Root Device.
[[0;32m  OK  [0m] Mounted Kernel Debug File System.
[[0;32m  OK  [0m] Started File System Check Daemon to report status.
[[0;32m  OK  [0m] Started LVM2 metadata daemon.
         Starting Remount Root and Kernel File Systems...
[[0;32m  OK  [0m] Started Journal Service.
[    7.155000] Loading iSCSI transport class v2.0-870.
[    7.164465] iscsi: registered transport (tcp)
[[0;32m  OK  [0m] Started Create list of required sta…vice nodes for the current kernel.
         Starting Create Static Device Nodes in /dev...
[    7.229328] EXT4-fs (sda1): re-mounted. Opts: (null)
[[0;32m  OK  [0m] Started udev Coldplug all Devices.
[[0;32m  OK  [0m] Started Remount Root and Kernel File Systems.
         Starting Load/Save Random Seed...
         Starting Flush Journal to Persistent Storage...
[[0;32m  OK  [0m] Started Monitoring of LVM2 mirrors,…sing dmeventd or progress polling.
[[0;32m  OK  [0m] Started Create Static Device Nodes in /dev.
         Starting udev Kernel Device Manager...
[[0;32m  OK  [0m] Started Load/Save Random Seed.
[    7.305680] iscsi: registered transport (iser)
[[0;32m  OK  [0m] Started Load Kernel Modules.
         Mounting FUSE Control File System...
         Mounting Kernel Configuration File System...
         Starting Apply Kernel Variables...
[[0;32m  OK  [0m] Mounted FUSE Control File System.
[[0;32m  OK  [0m] Mounted Kernel Configuration File System.
[    7.333072] systemd-journald[414]: Received request to flush runtime journal from PID 1
[[0;32m  OK  [0m] Started udev Kernel Device Manager.
[[0;32m  OK  [0m] Started Apply Kernel Variables.
[[0;32m  OK  [0m] Started Flush Journal to Persistent Storage.
[[0;32m  OK  [0m] Found device /dev/ttyS0.
[[0;32m  OK  [0m] Listening on Load/Save RF Kill Switch Status /dev/rfkill Watch.
         Mounting Arbitrary Executable File Formats File System...
[[0;32m  OK  [0m] Mounted Arbitrary Executable File Formats File System.
[[0;32m  OK  [0m] Started Set the console keyboard layout.
[[0;32m  OK  [0m] Reached target Local File Systems (Pre).
[[0;32m  OK  [0m] Reached target Local File Systems.
         Starting Tell Plymouth To Write Out Runtime Data...
         Starting AppArmor initialization...
         Starting ebtables ruleset management...
         Starting Commit a transient machine-id on disk...
         Starting Create Volatile Files and Directories...
         Starting Set console font and keymap...
[[0;32m  OK  [0m] Started Dispatch Password Requests to Console Directory Watch.
[[0;32m  OK  [0m] Reached target Local Encrypted Volumes.
[[0;32m  OK  [0m] Started Tell Plymouth To Write Out Runtime Data.
[[0;32m  OK  [0m] Started Create Volatile Files and Directories.
         Starting Update UTMP about System Boot/Shutdown...
[[0;32m  OK  [0m] Started Update UTMP about System Boot/Shutdown.
[[0;32m  OK  [0m] Started Commit a transient machine-id on disk.
[[0;32m  OK  [0m] Started ebtables ruleset management.
[[0;32m  OK  [0m] Started AppArmor initialization.
         Starting Initial cloud-init job (pre-networking)...
         Starting Load AppArmor profiles managed internally by snapd...
[[0;32m  OK  [0m] Started Load AppArmor profiles managed internally by snapd.
[[0;32m  OK  [0m] Started Set console font and keymap.
[   11.367554] cloud-init[872]: Cloud-init v. 23.1.1-0ubuntu0~18.04.1 running 'init-local' at Wed, 12 Apr 2023 14:29:26 +0000. Up 11.00 seconds.
[[0;32m  OK  [0m] Started Initial cloud-init job (pre-networking).
[[0;32m  OK  [0m] Reached target Network (Pre).
         Starting Network Service...
[[0;32m  OK  [0m] Started Network Service.
         Starting Wait for Network to be Configured...
         Starting Network Name Resolution...
[[0;32m  OK  [0m] Started Network Name Resolution.
[[0;32m  OK  [0m] Reached target Host and Network Name Lookups.
[[0;32m  OK  [0m] Reached target Network.
[[0;32m  OK  [0m] Started Wait for Network to be Configured.
         Starting Initial cloud-init job (metadata service crawler)...
[   14.407368] cloud-init[1021]: Cloud-init v. 23.1.1-0ubuntu0~18.04.1 running 'init' at Wed, 12 Apr 2023 14:29:29 +0000. Up 14.16 seconds.
[   14.417070] cloud-init[1021]: ci-info: ++++++++++++++++++++++++++++++++++++++Net device info+++++++++++++++++++++++++++++++++++++++
[   14.423275] cloud-init[1021]: ci-info: +--------+-------+----------------------------+---------------+--------+-------------------+
[   14.429030] cloud-init[1021]: ci-info: | Device |   Up  |          Address           |      Mask     | Scope  |     Hw-Address    |
[   14.435971] cloud-init[1021]: ci-info: +--------+-------+----------------------------+---------------+--------+-------------------+
[   14.442308] cloud-init[1021]: ci-info: | enp0s3 |  True |         10.0.2.15          | 255.255.255.0 | global | 02:6d:e6:35:46:3a |
[   14.448564] cloud-init[1021]: ci-info: | enp0s3 |  True | fe80::6d:e6ff:fe35:463a/64 |       .       |  link  | 02:6d:e6:35:46:3a |
[   14.459148] cloud-init[1021]: ci-info: | enp0s8 | False |             .              |       .       |   .    | 08:00:27:b3:9d:6d |
[   14.468704] cloud-init[1021]: ci-info: |   lo   |  True |         127.0.0.1          |   255.0.0.0   |  host  |         .         |
[   14.479769] cloud-init[1021]: ci-info: |   lo   |  True |          ::1/128           |       .       |  host  |         .         |
[   14.484340] cloud-init[1021]: ci-info: +--------+-------+----------------------------+---------------+--------+-------------------+
[   14.495710] cloud-init[1021]: ci-info: ++++++++++++++++++++++++++++Route IPv4 info+++++++++++++++++++++++++++++
[   14.499304] cloud-init[1021]: ci-info: +-------+-------------+----------+-----------------+-----------+-------+
[   14.503711] cloud-init[1021]: ci-info: | Route | Destination | Gateway  |     Genmask     | Interface | Flags |
[   14.508392] cloud-init[1021]: ci-info: +-------+-------------+----------+-----------------+-----------+-------+
[   14.512830] cloud-init[1021]: ci-info: |   0   |   0.0.0.0   | 10.0.2.2 |     0.0.0.0     |   enp0s3  |   UG  |
[   14.515283] cloud-init[1021]: ci-info: |   1   |   10.0.2.0  | 0.0.0.0  |  255.255.255.0  |   enp0s3  |   U   |
[   14.517780] cloud-init[1021]: ci-info: |   2   |   10.0.2.2  | 0.0.0.0  | 255.255.255.255 |   enp0s3  |   UH  |
[   14.520595] cloud-init[1021]: ci-info: +-------+-------------+----------+-----------------+-----------+-------+
[   14.526834] cloud-init[1021]: ci-info: +++++++++++++++++++Route IPv6 info+++++++++++++++++++
[   14.529308] cloud-init[1021]: ci-info: +-------+-------------+---------+-----------+-------+
[   14.536351] cloud-init[1021]: ci-info: | Route | Destination | Gateway | Interface | Flags |
[   14.540553] cloud-init[1021]: ci-info: +-------+-------------+---------+-----------+-------+
[   14.545271] cloud-init[1021]: ci-info: |   1   |  fe80::/64  |    ::   |   enp0s3  |   U   |
[   14.549820] cloud-init[1021]: ci-info: |   3   |    local    |    ::   |   enp0s3  |   U   |
[   14.554107] cloud-init[1021]: ci-info: |   4   |   ff00::/8  |    ::   |   enp0s3  |   U   |
[   14.560899] cloud-init[1021]: ci-info: +-------+-------------+---------+-----------+-------+
[   15.545392] cloud-init[1021]: Generating public/private rsa key pair.
[   15.548433] cloud-init[1021]: Your identification has been saved in /etc/ssh/ssh_host_rsa_key.
[   15.561032] cloud-init[1021]: Your public key has been saved in /etc/ssh/ssh_host_rsa_key.pub.
[   15.565875] cloud-init[1021]: The key fingerprint is:
[   15.568462] cloud-init[1021]: SHA256:I7JOcMyjYjba0TbnS1xc/XCkLPoQKsJAVzfLp+D3Ufg root@ubuntu-bionic
[   15.582165] cloud-init[1021]: The key's randomart image is:
[   15.584849] cloud-init[1021]: +---[RSA 2048]----+
[   15.601702] cloud-init[1021]: | . ... o      .  |
[   15.604481] cloud-init[1021]: |. .   o o .o o   |
[   15.606981] cloud-init[1021]: |.    . o.oo.= .  |
[   15.609386] cloud-init[1021]: | o o. .oo+o. +   |
[   15.612466] cloud-init[1021]: |  + B.ooS. E  .  |
[   15.616208] cloud-init[1021]: |   * *.o.+.      |
[   15.619309] cloud-init[1021]: |.+o * +  ..      |
[   15.622767] cloud-init[1021]: |+o.= =           |
[   15.625443] cloud-init[1021]: |. . . o.         |
[   15.629740] cloud-init[1021]: +----[SHA256]-----+
[   15.634283] cloud-init[1021]: Generating public/private dsa key pair.
[   15.639858] cloud-init[1021]: Your identification has been saved in /etc/ssh/ssh_host_dsa_key.
[   15.645371] cloud-init[1021]: Your public key has been saved in /etc/ssh/ssh_host_dsa_key.pub.
[   15.651019] cloud-init[1021]: The key fingerprint is:
[[0;32m  OK  [0m] Started Initial cloud-init job (metadata service crawler).
[[0;32m  OK  [0m] Reached target Cloud-config availability.
[   15.663251] cloud-init[1021]: SHA256:/igaVnbABtNw+ovYroX1DLVgt4hvQmsHzkzaqHqZpgM root@ubuntu-bionic
[[0;32m  OK  [0m] Reached target Network is Online.
[   15.669259] cloud-init[1021]: The key's randomart image is:
[[0;32m  OK  [0m] Reached target Remote File Systems (Pre).
[[0;32m  OK  [0m] Reached target Remote File Systems.
         Starting Availability of block devices...
[[0;32m  OK  [0m] Reached target System Initialization.
         Starting LXD - unix socket.
[[0;32m  OK  [0m] Listening on ACPID Listen Socket.
[[0;32m  OK  [0m] Listening on UUID daemon activation socket.
         Starting Socket activation for snappy daemon.
[[0;32m  OK  [0m] Started Discard unused blocks once a week.
[[0;32m  OK  [0m] Started Daily apt download activities.
[   15.678789] [[0;32m  OK  [0m] Started ACPI Events Check.
[[0;32m  OK  [0m] Reached target Paths.
[[0;32m  OK  [0m] Listening on D-Bus System Message Bus Socket.
[[0;32m  OK  [0m] Started Ubuntu Advantage Timer for running repeated jobs.
[[0;32m  OK  [0m] Listening on Open-iSCSI iscsid Socket.
cloud-init[1021]: +---[DSA 1024]----+
[[0;32m  OK  [0m] Started Message of the Day.
[   15.700517] [[0;32m  OK  [0m] Started Daily apt upgrade and clean activities.
[[0;32m  OK  [0m] Listening on cloud-init hotplug hook socket.
[[0;32m  OK  [0m] Started Daily Cleanup of Temporary Directories.
[[0;32m  OK  [0m] Reached target Timers.
[[0;32m  OK  [0m] Listening on LXD - unix socket.
[[0;32m  OK  [0m] Listening on Socket activation for snappy daemon.
[[0;32m  OK  [0m] Reached target Sockets.
[[0;32m  OK  [0m] Reached target Basic System.
cloud-init[1021]: |    +o.          |
[[0;32m  OK  [0m] Started Regular background program processing daemon.
[   15.720067] cloud-init[1021]: |     *.          |
         Starting Login Service...
[   15.726585] cloud-init[1021]: |    + *          |
         Starting Accounts Service...
[   15.732715] cloud-init[1021]: [[0;32m  OK  [0m] Started Deferred execution scheduler.
         Starting Pollinate to seed the pseudo random number generator...
|   o B +         |         Starting LXD - container startup/shutdown...

[   15.755320] cloud-init         Starting System Logging Service...
[[0;32m  OK  [0m] Started FUSE filesystem for LXC.
[1021]: |  = + * S        |
[   15.768720] cloud-init[1021]: |EX O B +         |
[   15.774134] cloud-init[1021]: |+ @oX + .        |
[   15.778013] cloud-init[1021]: |o.=B ..  o       |
[   15.782017] cloud-init[1021]: |==..o. .. .      |
[   15.786539] cloud-init[1021]: +----[SHA256]-----+
[   15.791063] cloud-init[1021]: Generating public/private ecdsa key pair.
[   15.794253] cloud-init[1021]: Your identification has been saved in /etc/ssh/ssh_host_ecdsa_key.
[   15.801405] cloud-init[1021]: Your public key has been saved in /etc/ssh/ssh_host_ecdsa_key.pub.
[   15.809044] cloud-init[1021]: The key fingerprint is:
[   15.825337] cloud-init[1021]: SHA256:BV/MVl0kwv4xOEQlGySfxOmi859MNZme4g4glX4qVbo root@ubuntu-bionic
[   15.830032] cloud-init[1021]: The key's randomart image is:
[   15.833657] cloud-init[1021]: +---[ECDSA 256]---+
[   15.840089] cloud-init[1021]: |        . .BO++o+|
[   15.844901] [[0;32m  OK  [0m] Started irqbalance daemon.
cloud-init[1021]: |         + =O* ..|
         Starting LSB: Record successful boot for GRUB...
[   15.858647] cloud-init[1021]: |        o +=+.   |
[   15.872443] cloud-init[1021]: |       o +. = oo |
[   15.876963] cloud-init[1021]: |      . S... o=o |
[   15.883435] cloud-init[1021]: |       oo=   o.o |
[   15.889205] cloud-init[1021]: |      . Eo. o o  |
[   15.894625] cloud-init[1021]: |       .  .= o   |
[   15.900597] cloud-init[1021]: |           o*    |
[   15.909005] cloud-init[1021]: +----[SHA256]-----+
[   15.912576] cloud-init[1021]: Generating public/private ed25519 key pair.
[   15.917764] cloud-init[1021]: Your identification has been saved in /etc/ssh/ssh_host_ed25519_key.
[   15.923466] cloud-init[1021]: Your public key has been saved in /etc/ssh/ssh_host_ed25519_key.pub.
[   15.929466] cloud-init[1021]: The key fingerprint is:
[   15.939243] cloud-init[1021]: SHA256:XNDSei5RHQ+syt3OnG4YdPoaXgrFplsycXX0m0q9SiQ root@ubuntu-bionic
[   15.945715] cloud-init[1021]: The key's randomart image is:
[   15.953981] cloud-init[1021]: +--[ED25519 256]--+
[   15.961892] cloud-init[1021]: |        .o oo..  |
[   15.978811] cloud-init[1021]: |        ..+ o+ . |
[   15.986044] cloud-init[1021]: |         +... o .|
[   15.991050] cloud-init[1021]: |       .oo+.... o|
[   15.996854]          Starting Dispatcher daemon for systemd-networkd...
         Starting Virtualbox guest utils...
cloud-init         Starting Permit User Sessions...
[1021]: |       .SB=E o + |
[   16.009697] cloud-init[1021]: |        +*= = . .|
[   16.015877] cloud-init[1021]: |        =.oB.+ . |
[   16.021855] cloud-init[1021]: |         B.+O .  |
[   16.028030] cloud-init[1021]: |        . ++..   |         Starting Snap Daemon...
[[0;32m  OK  [0m] Reached target Login Prompts (Pre).
[[0;32m  OK  [0m] Started D-Bus System Message Bus.

[   16.042573] cloud-init[1021]: +----[SHA256]-----+
[[0;32m  OK  [0m] Started Login Service.
[[0;32m  OK  [0m] Started Unattended Upgrades Shutdown.
         Starting LSB: automatic crash report generation...
[[0;32m  OK  [0m] Started System Logging Service.
[[0;32m  OK  [0m] Started Availability of block devices.
[[0;32m  OK  [0m] Started Permit User Sessions.
         Starting Terminate Plymouth Boot Screen...
         Starting Hold until boot process finishes up...
[[0;32m  OK  [0m] Started Hold until boot process finishes up.
[[0;32m  OK  [0m] Started Serial Getty on ttyS0.
         Starting Set console scheme...
[[0;32m  OK  [0m] Started Terminate Plymouth Boot Screen.
[[0;32m  OK  [0m] Started Set console scheme.
[[0;32m  OK  [0m] Created slice system-getty.slice.
[[0;32m  OK  [0m] Started Getty on tty1.
[[0;32m  OK  [0m] Reached target Login Prompts.
[[0;32m  OK  [0m] Started LSB: automatic crash report generation.
         Starting Authorization Manager...
[[0;32m  OK  [0m] Started LSB: Record successful boot for GRUB.
[[0;32m  OK  [0m] Started LXD - container startup/shutdown.
[[0;32m  OK  [0m] Started Virtualbox guest utils.
[[0;32m  OK  [0m] Started Authorization Manager.
[[0;32m  OK  [0m] Started Accounts Service.
[[0;32m  OK  [0m] Started Dispatcher daemon for systemd-networkd.
[[0;32m  OK  [0m] Started Snap Daemon.
         Starting Wait until snapd is fully seeded...
         Starting Time & Date Service...
[[0;32m  OK  [0m] Started Time & Date Service.
[[0;32m  OK  [0m] Started Pollinate to seed the pseudo random number generator.
         Starting OpenBSD Secure Shell server...
[[0;32m  OK  [0m] Started OpenBSD Secure Shell server.
[[0;32m  OK  [0m] Created slice User Slice of vagrant.
         Starting User Manager for UID 1000...
[[0;32m  OK  [0m] Started Session 1 of user vagrant.
[[0;32m  OK  [0m] Started User Manager for UID 1000.

Ubuntu 18.04.6 LTS ubuntu-bionic ttyS0

ubuntu-bionic login: [   23.106799] cloud-init[1872]: Cloud-init v. 23.1.1-0ubuntu0~18.04.1 running 'modules:config' at Wed, 12 Apr 2023 14:29:37 +0000. Up 22.57 seconds.
ci-info: no authorized SSH keys fingerprints found for user ubuntu.
<14>Apr 12 14:29:39 cloud-init: #############################################################
<14>Apr 12 14:29:39 cloud-init: -----BEGIN SSH HOST KEY FINGERPRINTS-----
<14>Apr 12 14:29:39 cloud-init: 1024 SHA256:/igaVnbABtNw+ovYroX1DLVgt4hvQmsHzkzaqHqZpgM root@ubuntu-bionic (DSA)
<14>Apr 12 14:29:39 cloud-init: 256 SHA256:BV/MVl0kwv4xOEQlGySfxOmi859MNZme4g4glX4qVbo root@ubuntu-bionic (ECDSA)
<14>Apr 12 14:29:39 cloud-init: 256 SHA256:XNDSei5RHQ+syt3OnG4YdPoaXgrFplsycXX0m0q9SiQ root@ubuntu-bionic (ED25519)
<14>Apr 12 14:29:39 cloud-init: 2048 SHA256:I7JOcMyjYjba0TbnS1xc/XCkLPoQKsJAVzfLp+D3Ufg root@ubuntu-bionic (RSA)
<14>Apr 12 14:29:39 cloud-init: -----END SSH HOST KEY FINGERPRINTS-----
<14>Apr 12 14:29:39 cloud-init: #############################################################
-----BEGIN SSH HOST KEY KEYS-----
ecdsa-sha2-nistp256 AAAAE2VjZHNhLXNoYTItbmlzdHAyNTYAAAAIbmlzdHAyNTYAAABBBKOTk+jwJ2LTcW9IeRJXRIXJxewASKMBZHFiF0grQYmq1zFERpkjhVqWuThTl43yR3AgKKmZ6fIayUoTMMYjFLU= root@ubuntu-bionic
ssh-ed25519 AAAAC3NzaC1lZDI1NTE5AAAAILckYUK55yg0nRl/wDttICE7+cqIRaxnW9ukfs1yQQ8R root@ubuntu-bionic
ssh-rsa AAAAB3NzaC1yc2EAAAADAQABAAABAQC/sEIMUi72HlrvjsGjLLBmWFrG3Y+4GUyD0IkeTHfgHYbK0Zp6ZFkb7nqeTKLtPsYaldphdWPq/kBgFUOYhUvUn4jCvWYngaYRsbVMipkvWVMbgqT+VUIdRzEVNwRhjEwOvP7zR1nekrAj7JReGhn1Maz41Lv8mr3ZvfVJyXS3nYS+s4rDoirAGGwtdq0wJVJXyy64GBwAOCpwGpfk/iZVOTdXxn8idoGegfa2DGngwsitEFhKKuvzh+BfyVJcP0iQFMlngamoIFNm1Xd7OB2OIOUKgVxGkUprSWgSqhhAbLq+wMUVN8c/vWU2IUjr2sCDrKASB+tviEl9kVfeUDXX root@ubuntu-bionic
-----END SSH HOST KEY KEYS-----
[   24.011974] cloud-init[2044]: Cloud-init v. 23.1.1-0ubuntu0~18.04.1 running 'modules:final' at Wed, 12 Apr 2023 14:29:38 +0000. Up 23.69 seconds.
[   24.012142] cloud-init[2044]: Cloud-init v. 23.1.1-0ubuntu0~18.04.1 finished at Wed, 12 Apr 2023 14:29:39 +0000. Datasource DataSourceNoCloud [seed=/dev/sdb][dsmode=net].  Up 24.00 seconds
